<?xml version="1.0" encoding="UTF-8"?>
<!-- Generated by org.testng.reporters.JUnitXMLReporter -->
<testsuite ignored="4" hostname="DESKTOP-2E4SG6O" failures="0" tests="4" name="AllTestsRun" time="0.255" errors="0" timestamp="2025-08-05T14:11:04 IST">
  <testcase classname="testing.AllTests" name="testLogin" time="0.034"/>
  <testcase classname="testing.AllTests" name="testHomePage" time="0.029"/>
  <testcase classname="testing.AllTests" name="testLogin" time="0.004"/>
  <testcase classname="testing.AllTests" name="testLogin" time="0.019"/>
  <testcase classname="testing.AllTests" name="testParallelA" time="0.0">
    <ignored/>
  </testcase> <!-- testParallelA -->
  <testcase classname="testing.AllTests" name="testParallelB" time="0.0">
    <ignored/>
  </testcase> <!-- testParallelB -->
  <testcase classname="testing.AllTests" name="testSearch" time="0.0">
    <ignored/>
  </testcase> <!-- testSearch -->
  <testcase classname="testing.AllTests" name="testProfilePage" time="0.0">
    <ignored/>
  </testcase> <!-- testProfilePage -->
</testsuite> <!-- AllTestsRun -->
