<?xml version="1.0" encoding="UTF-8"?>
<testng-results ignored="4" total="8" passed="4" failed="0" skipped="0">
  <reporter-output>
  </reporter-output>
  <suite started-at="2025-08-05T14:11:04 IST" name="DemoSuite" finished-at="2025-08-05T14:11:04 IST" duration-ms="255">
    <groups>
      <group name="regression">
        <method signature="AllTests.testHomePage()[pri:0, instance:testing.AllTests@24313fcc]" name="testHomePage" class="testing.AllTests"/>
      </group> <!-- regression -->
      <group name="sanity">
        <method signature="AllTests.testLogin(java.lang.String,java.lang.String)[pri:0, instance:testing.AllTests@24313fcc]" name="testLogin" class="testing.AllTests"/>
      </group> <!-- sanity -->
    </groups>
    <test started-at="2025-08-05T14:11:04 IST" name="AllTestsRun" finished-at="2025-08-05T14:11:04 IST" duration-ms="255">
      <class name="testing.AllTests">
        <test-method signature="testHomePage()[pri:0, instance:testing.AllTests@24313fcc]" started-at="2025-08-05T14:11:04 IST" name="testHomePage" finished-at="2025-08-05T14:11:04 IST" duration-ms="29" status="PASS">
          <reporter-output>
          </reporter-output>
        </test-method> <!-- testHomePage -->
        <test-method signature="testLogin(java.lang.String,java.lang.String)[pri:0, instance:testing.AllTests@24313fcc]" started-at="2025-08-05T14:11:04 IST" name="testLogin" data-provider="loginData" finished-at="2025-08-05T14:11:04 IST" duration-ms="34" status="PASS">
          <params>
            <param index="0">
              <value>
                <![CDATA[user1]]>
              </value>
            </param>
            <param index="1">
              <value>
                <![CDATA[pass1]]>
              </value>
            </param>
          </params>
          <reporter-output>
          </reporter-output>
        </test-method> <!-- testLogin -->
        <test-method signature="testLogin(java.lang.String,java.lang.String)[pri:0, instance:testing.AllTests@24313fcc]" started-at="2025-08-05T14:11:04 IST" name="testLogin" data-provider="loginData" finished-at="2025-08-05T14:11:04 IST" duration-ms="4" status="PASS">
          <params>
            <param index="0">
              <value>
                <![CDATA[user2]]>
              </value>
            </param>
            <param index="1">
              <value>
                <![CDATA[pass2]]>
              </value>
            </param>
          </params>
          <reporter-output>
          </reporter-output>
        </test-method> <!-- testLogin -->
        <test-method signature="testLogin(java.lang.String,java.lang.String)[pri:0, instance:testing.AllTests@24313fcc]" started-at="2025-08-05T14:11:04 IST" name="testLogin" data-provider="loginData" finished-at="2025-08-05T14:11:04 IST" duration-ms="19" status="PASS">
          <params>
            <param index="0">
              <value>
                <![CDATA[user3]]>
              </value>
            </param>
            <param index="1">
              <value>
                <![CDATA[pass3]]>
              </value>
            </param>
          </params>
          <reporter-output>
          </reporter-output>
        </test-method> <!-- testLogin -->
      </class> <!-- testing.AllTests -->
    </test> <!-- AllTestsRun -->
  </suite> <!-- DemoSuite -->
</testng-results>
